2020-10-03 18:38:44,503 [INFO] driver: ********** This is the SETUP fixture to run before your scope of your fixture **********
2020-10-03 18:38:46,713 [INFO] test_login_case1: test_login_case1 started ...
2020-10-03 18:38:46,714 [ERROR] test_login_case1: I am an exceptional case
2020-10-03 18:38:46,714 [WARNING] test_login_case1: Something does not seem to be right, but not an error
2020-10-03 18:38:46,714 [CRITICAL] test_login_case1: WOUUUW STOP NOW, CAN NOT RUN ANYTHING
2020-10-03 18:38:49,381 [INFO] click_element_by_xpath: clicking the element
2020-10-03 18:38:52,471 [INFO] enter_text_by_xpath: entering thje following text: hello@email.com
2020-10-03 18:38:52,607 [INFO] enter_email: email entered hello@email.com
2020-10-03 18:38:52,634 [INFO] enter_text_by_xpath: entering thje following text: $Password001
2020-10-03 18:38:52,698 [INFO] enter_password: email entered $Password001
2020-10-03 18:38:52,726 [INFO] click_element_by_xpath: clicking the element
2020-10-03 18:38:53,827 [INFO] click_sign_in_button: Sign in button clicked.
2020-10-03 18:38:54,829 [INFO] test_login_case1: We are able to sign in now
2020-10-03 18:38:59,979 [INFO] driver: ******** This is the TEARDOWN steps after each of your scope *************
2020-10-03 19:52:30,381 [INFO] driver: ********** This is the SETUP fixture to run before your scope of your fixture **********
2020-10-03 19:52:33,738 [INFO] test_login_case1: test_login_case1 started ...
2020-10-03 19:52:33,738 [ERROR] test_login_case1: I am an exceptional case
2020-10-03 19:52:33,738 [WARNING] test_login_case1: Something does not seem to be right, but not an error
2020-10-03 19:52:33,738 [CRITICAL] test_login_case1: WOUUUW STOP NOW, CAN NOT RUN ANYTHING
2020-10-03 19:52:36,628 [INFO] click_element_by_xpath: clicking the element
2020-10-03 19:52:40,319 [INFO] enter_text_by_xpath: entering thje following text: hello@email.com
2020-10-03 19:52:40,455 [INFO] enter_email: email entered hello@email.com
2020-10-03 19:52:40,483 [INFO] enter_text_by_xpath: entering thje following text: $Password001
2020-10-03 19:52:40,564 [INFO] enter_password: email entered $Password001
2020-10-03 19:52:40,594 [INFO] click_element_by_xpath: clicking the element
2020-10-03 19:52:42,283 [INFO] click_sign_in_button: Sign in button clicked.
2020-10-03 19:52:43,285 [INFO] test_login_case1: We are able to sign in now
2020-10-03 19:52:48,975 [INFO] take_screenshot: screenshot was taken and completed.
2020-10-03 19:52:54,027 [INFO] click_element_by_xpath: clicking the element
2020-10-03 19:52:55,185 [INFO] sign_out: Signed out from the website.
2020-10-03 19:52:55,185 [INFO] test_login_case1: test_login_case1_completed
2020-10-03 19:52:55,190 [INFO] driver: ******** This is the TEARDOWN steps after each of your scope *************
2020-10-03 19:52:55,195 [INFO] driver: Current url: http://automationpractice.com/index.php?controller=authentication&back=my-account
2020-10-03 19:52:55,200 [INFO] driver: Current title: Login - My Store
2020-10-03 19:52:55,201 [INFO] driver: Current win_handle: CDwindow-9C130031D289033E6508E1F4552C005C
2020-10-03 19:52:55,202 [INFO] driver: Current name: chrome
2020-10-03 19:52:55,302 [INFO] driver: browser is closed
2020-10-03 19:52:55,302 [INFO] driver: ******** TEARDOWN completed *************
2020-10-03 21:28:43,492 [INFO] driver: ********** This is the SETUP fixture to run before your scope of your fixture **********
2020-10-03 21:28:46,613 [INFO] test_createaccount_case1: test_createaccount started ...
2020-10-03 21:28:46,614 [ERROR] test_createaccount_case1: I am an exceptional case
2020-10-03 21:28:46,614 [WARNING] test_createaccount_case1: Something does not seem to be right, but not an error
2020-10-03 21:28:46,614 [CRITICAL] test_createaccount_case1: WOUUUW STOP NOW, CAN NOT RUN ANYTHING
2020-10-03 21:28:46,683 [INFO] driver: ******** This is the TEARDOWN steps after each of your scope *************
2020-10-03 21:28:46,688 [INFO] driver: Current url: data:,
2020-10-03 21:28:46,697 [INFO] driver: Current title: 
2020-10-03 21:28:46,700 [INFO] driver: Current win_handle: CDwindow-F0BF3C0AE7F9089130BC4A0EA3075471
2020-10-03 21:28:46,700 [INFO] driver: Current name: chrome
2020-10-03 21:28:46,831 [INFO] driver: browser is closed
2020-10-03 21:28:46,831 [INFO] driver: ******** TEARDOWN completed *************
2020-10-03 21:29:26,389 [INFO] driver: ********** This is the SETUP fixture to run before your scope of your fixture **********
2020-10-03 21:29:28,959 [INFO] test_createaccount_case1: test_createaccount started ...
2020-10-03 21:29:28,959 [ERROR] test_createaccount_case1: I am an exceptional case
2020-10-03 21:29:28,960 [WARNING] test_createaccount_case1: Something does not seem to be right, but not an error
2020-10-03 21:29:28,960 [CRITICAL] test_createaccount_case1: WOUUUW STOP NOW, CAN NOT RUN ANYTHING
2020-10-03 21:29:31,823 [INFO] click_element_by_xpath: clicking the element
2020-10-03 21:29:35,042 [INFO] enter_text_by_xpath: entering thje following text: uy776@email.com
2020-10-03 21:29:35,167 [INFO] enter_email: email entered uy776@email.com
2020-10-03 21:29:35,199 [INFO] click_element_by_xpath: clicking the element
2020-10-03 21:30:05,355 [INFO] driver: ******** This is the TEARDOWN steps after each of your scope *************
2020-10-03 21:30:05,360 [INFO] driver: Current url: http://automationpractice.com/index.php?controller=authentication&back=my-account#account-creation
2020-10-03 21:30:05,366 [INFO] driver: Current title: Login - My Store
2020-10-03 21:30:05,367 [INFO] driver: Current win_handle: CDwindow-B4A43E17D54AB33D0FFB00ABEAF5B99D
2020-10-03 21:30:05,367 [INFO] driver: Current name: chrome
2020-10-03 21:30:05,473 [INFO] driver: browser is closed
2020-10-03 21:30:05,474 [INFO] driver: ******** TEARDOWN completed *************
2020-10-03 21:36:00,035 [INFO] driver: ********** This is the SETUP fixture to run before your scope of your fixture **********
2020-10-03 21:36:02,938 [INFO] test_createaccount_case1: test_createaccount started ...
2020-10-03 21:36:02,938 [ERROR] test_createaccount_case1: I am an exceptional case
2020-10-03 21:36:02,938 [WARNING] test_createaccount_case1: Something does not seem to be right, but not an error
2020-10-03 21:36:02,938 [CRITICAL] test_createaccount_case1: WOUUUW STOP NOW, CAN NOT RUN ANYTHING
2020-10-03 21:36:05,737 [INFO] click_element_by_xpath: clicking the element
2020-10-03 21:36:09,434 [INFO] enter_text_by_xpath: entering thje following text: uy776@email.com
2020-10-03 21:36:09,577 [INFO] enter_email: email entered uy776@email.com
2020-10-03 21:36:09,603 [INFO] click_element_by_xpath: clicking the element
2020-10-03 21:36:29,730 [INFO] driver: ******** This is the TEARDOWN steps after each of your scope *************
2020-10-03 21:36:29,735 [INFO] driver: Current url: http://automationpractice.com/index.php?controller=authentication&back=my-account#account-creation
2020-10-03 21:36:29,740 [INFO] driver: Current title: Login - My Store
2020-10-03 21:36:29,741 [INFO] driver: Current win_handle: CDwindow-BA2BA5DC16F36B293D15123B7913BB72
2020-10-03 21:36:29,742 [INFO] driver: Current name: chrome
2020-10-03 21:36:29,840 [INFO] driver: browser is closed
2020-10-03 21:36:29,840 [INFO] driver: ******** TEARDOWN completed *************
2020-10-03 21:40:56,299 [INFO] driver: ********** This is the SETUP fixture to run before your scope of your fixture **********
2020-10-03 21:40:59,691 [INFO] test_createaccount_case1: test_createaccount started ...
2020-10-03 21:40:59,691 [ERROR] test_createaccount_case1: I am an exceptional case
2020-10-03 21:40:59,691 [WARNING] test_createaccount_case1: Something does not seem to be right, but not an error
2020-10-03 21:40:59,692 [CRITICAL] test_createaccount_case1: WOUUUW STOP NOW, CAN NOT RUN ANYTHING
2020-10-03 21:41:02,934 [INFO] click_element_by_xpath: clicking the element
2020-10-03 21:41:06,751 [INFO] enter_text_by_xpath: entering thje following text: uy776@email.com
2020-10-03 21:41:06,843 [INFO] enter_email: email entered uy776@email.com
2020-10-03 21:41:06,913 [INFO] driver: ******** This is the TEARDOWN steps after each of your scope *************
2020-10-03 21:41:06,920 [INFO] driver: Current url: http://automationpractice.com/index.php?controller=authentication&back=my-account
2020-10-03 21:41:06,927 [INFO] driver: Current title: Login - My Store
2020-10-03 21:41:06,929 [INFO] driver: Current win_handle: CDwindow-2B435B5C6BA6E8936B1A3F19C8C86552
2020-10-03 21:41:06,929 [INFO] driver: Current name: chrome
2020-10-03 21:41:07,150 [INFO] driver: browser is closed
2020-10-03 21:41:07,151 [INFO] driver: ******** TEARDOWN completed *************
2020-10-03 21:41:14,028 [INFO] driver: ********** This is the SETUP fixture to run before your scope of your fixture **********
2020-10-03 21:41:16,851 [INFO] test_createaccount_case1: test_createaccount started ...
2020-10-03 21:41:16,851 [ERROR] test_createaccount_case1: I am an exceptional case
2020-10-03 21:41:16,852 [WARNING] test_createaccount_case1: Something does not seem to be right, but not an error
2020-10-03 21:41:16,852 [CRITICAL] test_createaccount_case1: WOUUUW STOP NOW, CAN NOT RUN ANYTHING
2020-10-03 21:41:19,456 [INFO] click_element_by_xpath: clicking the element
2020-10-03 21:41:22,393 [INFO] enter_text_by_xpath: entering thje following text: uy776@email.com
2020-10-03 21:41:22,501 [INFO] enter_email: email entered uy776@email.com
2020-10-03 21:41:22,569 [INFO] driver: ******** This is the TEARDOWN steps after each of your scope *************
2020-10-03 21:41:22,579 [INFO] driver: Current url: http://automationpractice.com/index.php?controller=authentication&back=my-account
2020-10-03 21:41:22,585 [INFO] driver: Current title: Login - My Store
2020-10-03 21:41:22,586 [INFO] driver: Current win_handle: CDwindow-4153788FC81269C587FFC6465C194872
2020-10-03 21:41:22,587 [INFO] driver: Current name: chrome
2020-10-03 21:41:22,776 [INFO] driver: browser is closed
2020-10-03 21:41:22,776 [INFO] driver: ******** TEARDOWN completed *************
2020-10-03 21:45:24,538 [INFO] driver: ********** This is the SETUP fixture to run before your scope of your fixture **********
2020-10-03 21:45:26,965 [INFO] test_createaccount_case1: test_createaccount started ...
2020-10-03 21:45:26,965 [ERROR] test_createaccount_case1: I am an exceptional case
2020-10-03 21:45:26,966 [WARNING] test_createaccount_case1: Something does not seem to be right, but not an error
2020-10-03 21:45:26,966 [CRITICAL] test_createaccount_case1: WOUUUW STOP NOW, CAN NOT RUN ANYTHING
2020-10-03 21:45:29,696 [INFO] click_element_by_xpath: clicking the element
2020-10-03 21:45:33,185 [INFO] enter_text_by_xpath: entering thje following text: uy776@email.com
2020-10-03 21:45:33,318 [INFO] enter_email: email entered uy776@email.com
2020-10-03 21:45:33,392 [INFO] driver: ******** This is the TEARDOWN steps after each of your scope *************
2020-10-03 21:45:33,398 [INFO] driver: Current url: http://automationpractice.com/index.php?controller=authentication&back=my-account
2020-10-03 21:45:33,406 [INFO] driver: Current title: Login - My Store
2020-10-03 21:45:33,407 [INFO] driver: Current win_handle: CDwindow-D0C43E4D06DCC31E152A4645F4B182A7
2020-10-03 21:45:33,407 [INFO] driver: Current name: chrome
2020-10-03 21:45:33,513 [INFO] driver: browser is closed
2020-10-03 21:45:33,513 [INFO] driver: ******** TEARDOWN completed *************
2020-10-03 21:47:09,951 [INFO] driver: ********** This is the SETUP fixture to run before your scope of your fixture **********
2020-10-03 21:47:12,509 [INFO] test_createaccount_case1: test_createaccount started ...
2020-10-03 21:47:12,509 [ERROR] test_createaccount_case1: I am an exceptional case
2020-10-03 21:47:12,509 [WARNING] test_createaccount_case1: Something does not seem to be right, but not an error
2020-10-03 21:47:12,510 [CRITICAL] test_createaccount_case1: WOUUUW STOP NOW, CAN NOT RUN ANYTHING
2020-10-03 21:47:15,612 [INFO] click_element_by_xpath: clicking the element
2020-10-03 21:47:18,874 [INFO] enter_text_by_xpath: entering thje following text: uy776@email.com
2020-10-03 21:47:19,004 [INFO] enter_email: email entered uy776@email.com
2020-10-03 21:47:19,037 [INFO] click_element_by_xpath: clicking the element
2020-10-03 21:47:49,202 [INFO] driver: ******** This is the TEARDOWN steps after each of your scope *************
2020-10-03 21:47:49,208 [INFO] driver: Current url: http://automationpractice.com/index.php?controller=authentication&back=my-account#account-creation
2020-10-03 21:47:49,215 [INFO] driver: Current title: Login - My Store
2020-10-03 21:47:49,217 [INFO] driver: Current win_handle: CDwindow-93E9E1114D16C29E2CD9F63BC9E92A58
2020-10-03 21:47:49,217 [INFO] driver: Current name: chrome
2020-10-03 21:47:49,339 [INFO] driver: browser is closed
2020-10-03 21:47:49,339 [INFO] driver: ******** TEARDOWN completed *************
2020-10-03 22:37:59,238 [INFO] driver: ********** This is the SETUP fixture to run before your scope of your fixture **********
2020-10-03 22:38:02,143 [INFO] test_createaccount_case1: test_createaccount started ...
2020-10-03 22:38:02,143 [ERROR] test_createaccount_case1: I am an exceptional case
2020-10-03 22:38:02,143 [WARNING] test_createaccount_case1: Something does not seem to be right, but not an error
2020-10-03 22:38:02,143 [CRITICAL] test_createaccount_case1: WOUUUW STOP NOW, CAN NOT RUN ANYTHING
2020-10-03 22:38:04,994 [INFO] click_element_by_xpath: clicking the element
2020-10-03 22:38:08,058 [INFO] enter_text_by_xpath: entering thje following text: uy776@email.com
2020-10-03 22:38:08,187 [INFO] enter_email: email entered uy776@email.com
2020-10-03 22:38:08,218 [INFO] click_element_by_xpath: clicking the element
2020-10-03 22:38:53,386 [INFO] driver: ******** This is the TEARDOWN steps after each of your scope *************
2020-10-03 22:38:53,390 [INFO] driver: Current url: http://automationpractice.com/index.php?controller=authentication&back=my-account#account-creation
2020-10-03 22:38:53,395 [INFO] driver: Current title: Login - My Store
2020-10-03 22:38:53,396 [INFO] driver: Current win_handle: CDwindow-489D3BE213B446F592DDC1F7AF8A691D
2020-10-03 22:38:53,396 [INFO] driver: Current name: chrome
2020-10-03 22:38:53,514 [INFO] driver: browser is closed
2020-10-03 22:38:53,514 [INFO] driver: ******** TEARDOWN completed *************
2020-10-03 22:45:53,192 [INFO] driver: ********** This is the SETUP fixture to run before your scope of your fixture **********
2020-10-03 22:45:55,709 [INFO] test_createaccount_case1: test_createaccount started ...
2020-10-03 22:45:55,709 [ERROR] test_createaccount_case1: I am an exceptional case
2020-10-03 22:45:55,709 [WARNING] test_createaccount_case1: Something does not seem to be right, but not an error
2020-10-03 22:45:55,709 [CRITICAL] test_createaccount_case1: WOUUUW STOP NOW, CAN NOT RUN ANYTHING
2020-10-03 22:45:58,506 [INFO] click_element_by_xpath: clicking the element
2020-10-03 22:46:01,463 [INFO] enter_text_by_xpath: entering thje following text: uy776@email.com
2020-10-03 22:46:01,582 [INFO] enter_email: email entered uy776@email.com
2020-10-03 22:46:01,611 [INFO] click_element_by_xpath: clicking the element
2020-10-03 22:46:03,704 [INFO] enter_text_by_xpath: entering thje following text: Alex
2020-10-03 22:46:05,776 [INFO] enter_name: First name entered Alex
2020-10-03 22:46:05,814 [INFO] enter_text_by_xpath: entering thje following text: Smith
2020-10-03 22:46:07,879 [INFO] enter_lastname: Last name entered Smith
2020-10-03 22:46:07,915 [INFO] enter_text_by_xpath: entering thje following text: $Password001
2020-10-03 22:46:07,986 [INFO] create_password: Password entered $Password001
2020-10-03 22:46:08,062 [INFO] driver: ******** This is the TEARDOWN steps after each of your scope *************
2020-10-03 22:46:08,070 [INFO] driver: Current url: http://automationpractice.com/index.php?controller=authentication&back=my-account#account-creation
2020-10-03 22:46:08,075 [INFO] driver: Current title: Login - My Store
2020-10-03 22:46:08,076 [INFO] driver: Current win_handle: CDwindow-C5538D85BA71E60A06C7C457C0F80B1D
2020-10-03 22:46:08,077 [INFO] driver: Current name: chrome
2020-10-03 22:46:08,235 [INFO] driver: browser is closed
2020-10-03 22:46:08,235 [INFO] driver: ******** TEARDOWN completed *************
2020-10-03 22:58:31,476 [INFO] driver: ********** This is the SETUP fixture to run before your scope of your fixture **********
2020-10-03 22:58:37,864 [INFO] test_createaccount_case1: test_createaccount started ...
2020-10-03 22:58:37,866 [ERROR] test_createaccount_case1: I am an exceptional case
2020-10-03 22:58:37,867 [WARNING] test_createaccount_case1: Something does not seem to be right, but not an error
2020-10-03 22:58:37,867 [CRITICAL] test_createaccount_case1: WOUUUW STOP NOW, CAN NOT RUN ANYTHING
2020-10-03 22:58:43,901 [INFO] click_element_by_xpath: clicking the element
2020-10-03 22:58:47,513 [INFO] enter_text_by_xpath: entering thje following text: uy776@email.com
2020-10-03 22:58:47,891 [INFO] enter_email: email entered uy776@email.com
2020-10-03 22:58:47,994 [INFO] click_element_by_xpath: clicking the element
2020-10-03 22:58:50,314 [INFO] click_element_by_xpath: clicking the element
2020-10-03 22:58:52,558 [INFO] enter_text_by_xpath: entering thje following text: Alex
2020-10-03 22:58:54,807 [INFO] enter_name: First name entered Alex
2020-10-03 22:58:54,895 [INFO] enter_text_by_xpath: entering thje following text: Smith
2020-10-03 22:58:57,112 [INFO] enter_lastname: Last name entered Smith
2020-10-03 22:58:57,205 [INFO] enter_text_by_xpath: entering thje following text: $Password001
2020-10-03 22:58:57,502 [INFO] create_password: Password entered $Password001
2020-10-03 22:58:57,851 [INFO] driver: ******** This is the TEARDOWN steps after each of your scope *************
2020-10-03 22:58:57,899 [INFO] driver: Current url: http://automationpractice.com/index.php?controller=authentication&back=my-account#account-creation
2020-10-03 22:58:57,953 [INFO] driver: Current title: Login - My Store
2020-10-03 22:58:57,965 [INFO] driver: Current win_handle: CDwindow-52B1F0545EA20BFFCA48BDEF39092D2E
2020-10-03 22:58:57,966 [INFO] driver: Current name: chrome
2020-10-03 22:58:58,572 [INFO] driver: browser is closed
2020-10-03 22:58:58,573 [INFO] driver: ******** TEARDOWN completed *************
