2020-10-04 20:07:48,793 [INFO] driver: ********** This is the SETUP fixture to run before your scope of your fixture **********
2020-10-04 20:07:52,076 [INFO] test_createaccount_case1: test_createaccount started ...
2020-10-04 20:07:52,077 [ERROR] test_createaccount_case1: I am an exceptional case
2020-10-04 20:07:52,077 [WARNING] test_createaccount_case1: Something does not seem to be right, but not an error
2020-10-04 20:07:52,077 [CRITICAL] test_createaccount_case1: WOUUUW STOP NOW, CAN NOT RUN ANYTHING
2020-10-04 20:07:53,063 [INFO] driver: ******** This is the TEARDOWN steps after each of your scope *************
2020-10-04 20:07:53,096 [INFO] driver: Current url: http://automationpractice.com/index.php
2020-10-04 20:07:53,108 [INFO] driver: Current title: automationpractice.com
2020-10-04 20:07:53,110 [INFO] driver: Current win_handle: CDwindow-03BED4CADD75624323D628D94DC6CCDE
2020-10-04 20:07:53,110 [INFO] driver: Current name: chrome
2020-10-04 20:07:53,238 [INFO] driver: browser is closed
2020-10-04 20:07:53,238 [INFO] driver: ******** TEARDOWN completed *************
2020-10-04 20:08:13,064 [INFO] driver: ********** This is the SETUP fixture to run before your scope of your fixture **********
2020-10-04 20:08:15,612 [INFO] test_createaccount_case1: test_createaccount started ...
2020-10-04 20:08:15,613 [ERROR] test_createaccount_case1: I am an exceptional case
2020-10-04 20:08:15,613 [WARNING] test_createaccount_case1: Something does not seem to be right, but not an error
2020-10-04 20:08:15,613 [CRITICAL] test_createaccount_case1: WOUUUW STOP NOW, CAN NOT RUN ANYTHING
2020-10-04 20:08:18,412 [INFO] click_element_by_xpath: clicking the element
2020-10-04 20:08:21,586 [INFO] enter_text_by_xpath: entering thje following text: uy776@email.com
2020-10-04 20:08:21,723 [INFO] enter_email: email entered uy776@email.com
2020-10-04 20:08:21,749 [INFO] click_element_by_xpath: clicking the element
2020-10-04 20:08:23,873 [INFO] click_element_by_xpath: clicking the element
2020-10-04 20:08:25,955 [INFO] enter_text_by_xpath: entering thje following text: Alex
2020-10-04 20:08:28,029 [INFO] enter_name: First name entered Alex
2020-10-04 20:08:28,055 [INFO] enter_text_by_xpath: entering thje following text: Smith
2020-10-04 20:08:30,105 [INFO] enter_lastname: Last name entered Smith
2020-10-04 20:08:30,147 [INFO] enter_text_by_xpath: entering thje following text: $Password001
2020-10-04 20:08:30,217 [INFO] create_password: Password entered $Password001
2020-10-04 20:08:40,868 [INFO] driver: ******** This is the TEARDOWN steps after each of your scope *************
2020-10-04 20:08:40,877 [INFO] driver: Current url: http://automationpractice.com/index.php?controller=authentication&back=my-account#account-creation
2020-10-04 20:08:40,885 [INFO] driver: Current title: Login - My Store
2020-10-04 20:08:40,887 [INFO] driver: Current win_handle: CDwindow-50B2D0EED3AE46971C0C7893D110D271
2020-10-04 20:08:40,888 [INFO] driver: Current name: chrome
2020-10-04 20:08:41,030 [INFO] driver: browser is closed
2020-10-04 20:08:41,030 [INFO] driver: ******** TEARDOWN completed *************
2020-10-04 20:17:38,454 [INFO] driver: ********** This is the SETUP fixture to run before your scope of your fixture **********
2020-10-04 20:17:40,987 [INFO] test_createaccount_case1: test_createaccount started ...
2020-10-04 20:17:40,987 [ERROR] test_createaccount_case1: I am an exceptional case
2020-10-04 20:17:40,988 [WARNING] test_createaccount_case1: Something does not seem to be right, but not an error
2020-10-04 20:17:40,988 [CRITICAL] test_createaccount_case1: WOUUUW STOP NOW, CAN NOT RUN ANYTHING
2020-10-04 20:17:43,762 [INFO] click_element_by_xpath: clicking the element
2020-10-04 20:17:46,767 [INFO] enter_text_by_xpath: entering thje following text: uy776@email.com
2020-10-04 20:17:46,898 [INFO] enter_email: email entered uy776@email.com
2020-10-04 20:17:46,926 [INFO] click_element_by_xpath: clicking the element
2020-10-04 20:17:49,029 [INFO] click_element_by_xpath: clicking the element
2020-10-04 20:17:51,111 [INFO] enter_text_by_xpath: entering thje following text: Alex
2020-10-04 20:17:53,179 [INFO] enter_name: First name entered Alex
2020-10-04 20:17:53,218 [INFO] enter_text_by_xpath: entering thje following text: Smith
2020-10-04 20:17:55,281 [INFO] enter_lastname: Last name entered Smith
2020-10-04 20:17:55,321 [INFO] enter_text_by_xpath: entering thje following text: $Password001
2020-10-04 20:17:55,397 [INFO] create_password: Password entered $Password001
2020-10-04 20:17:55,479 [INFO] driver: ******** This is the TEARDOWN steps after each of your scope *************
2020-10-04 20:17:55,485 [INFO] driver: Current url: http://automationpractice.com/index.php?controller=authentication&back=my-account#account-creation
2020-10-04 20:17:55,492 [INFO] driver: Current title: Login - My Store
2020-10-04 20:17:55,493 [INFO] driver: Current win_handle: CDwindow-134D7F5830C7DF1E972122687D9403CC
2020-10-04 20:17:55,493 [INFO] driver: Current name: chrome
2020-10-04 20:17:55,615 [INFO] driver: browser is closed
2020-10-04 20:17:55,615 [INFO] driver: ******** TEARDOWN completed *************
2020-10-04 20:18:44,347 [INFO] driver: ********** This is the SETUP fixture to run before your scope of your fixture **********
2020-10-04 20:18:46,836 [INFO] test_createaccount_case1: test_createaccount started ...
2020-10-04 20:18:46,836 [ERROR] test_createaccount_case1: I am an exceptional case
2020-10-04 20:18:46,836 [WARNING] test_createaccount_case1: Something does not seem to be right, but not an error
2020-10-04 20:18:46,836 [CRITICAL] test_createaccount_case1: WOUUUW STOP NOW, CAN NOT RUN ANYTHING
2020-10-04 20:18:49,335 [INFO] click_element_by_xpath: clicking the element
2020-10-04 20:18:52,402 [INFO] enter_text_by_xpath: entering thje following text: uy776@email.com
2020-10-04 20:18:52,528 [INFO] enter_email: email entered uy776@email.com
2020-10-04 20:18:52,557 [INFO] click_element_by_xpath: clicking the element
2020-10-04 20:18:54,646 [INFO] click_element_by_xpath: clicking the element
2020-10-04 20:18:56,725 [INFO] enter_text_by_xpath: entering thje following text: Alex
2020-10-04 20:18:58,792 [INFO] enter_name: First name entered Alex
2020-10-04 20:18:58,832 [INFO] enter_text_by_xpath: entering thje following text: Smith
2020-10-04 20:19:00,889 [INFO] enter_lastname: Last name entered Smith
2020-10-04 20:19:00,928 [INFO] enter_text_by_xpath: entering thje following text: $Password001
2020-10-04 20:19:01,001 [INFO] create_password: Password entered $Password001
2020-10-04 20:19:01,087 [INFO] driver: ******** This is the TEARDOWN steps after each of your scope *************
2020-10-04 20:19:01,095 [INFO] driver: Current url: http://automationpractice.com/index.php?controller=authentication&back=my-account#account-creation
2020-10-04 20:19:01,101 [INFO] driver: Current title: Login - My Store
2020-10-04 20:19:01,102 [INFO] driver: Current win_handle: CDwindow-CBDE19B896C8A04899A9A3A25A5C7207
2020-10-04 20:19:01,102 [INFO] driver: Current name: chrome
2020-10-04 20:19:01,231 [INFO] driver: browser is closed
2020-10-04 20:19:01,231 [INFO] driver: ******** TEARDOWN completed *************
2020-10-04 20:19:35,745 [INFO] driver: ********** This is the SETUP fixture to run before your scope of your fixture **********
2020-10-04 20:19:38,143 [INFO] test_createaccount_case1: test_createaccount started ...
2020-10-04 20:19:38,144 [ERROR] test_createaccount_case1: I am an exceptional case
2020-10-04 20:19:38,144 [WARNING] test_createaccount_case1: Something does not seem to be right, but not an error
2020-10-04 20:19:38,144 [CRITICAL] test_createaccount_case1: WOUUUW STOP NOW, CAN NOT RUN ANYTHING
2020-10-04 20:19:41,031 [INFO] click_element_by_xpath: clicking the element
2020-10-04 20:19:44,017 [INFO] enter_text_by_xpath: entering thje following text: uy776@email.com
2020-10-04 20:19:44,142 [INFO] enter_email: email entered uy776@email.com
2020-10-04 20:19:44,169 [INFO] click_element_by_xpath: clicking the element
2020-10-04 20:19:46,261 [INFO] click_element_by_xpath: clicking the element
2020-10-04 20:19:48,341 [INFO] enter_text_by_xpath: entering thje following text: Alex
2020-10-04 20:19:50,415 [INFO] enter_name: First name entered Alex
2020-10-04 20:19:50,454 [INFO] enter_text_by_xpath: entering thje following text: Smith
2020-10-04 20:19:52,511 [INFO] enter_lastname: Last name entered Smith
2020-10-04 20:19:52,550 [INFO] enter_text_by_xpath: entering thje following text: $Password001
2020-10-04 20:19:52,622 [INFO] create_password: Password entered $Password001
2020-10-04 20:19:52,700 [INFO] driver: ******** This is the TEARDOWN steps after each of your scope *************
2020-10-04 20:19:52,709 [INFO] driver: Current url: http://automationpractice.com/index.php?controller=authentication&back=my-account#account-creation
2020-10-04 20:19:52,715 [INFO] driver: Current title: Login - My Store
2020-10-04 20:19:52,716 [INFO] driver: Current win_handle: CDwindow-7577607BA6FC9E0500C4AB479D32CFC9
2020-10-04 20:19:52,716 [INFO] driver: Current name: chrome
2020-10-04 20:19:52,838 [INFO] driver: browser is closed
2020-10-04 20:19:52,838 [INFO] driver: ******** TEARDOWN completed *************
2020-10-04 20:21:55,852 [INFO] driver: ********** This is the SETUP fixture to run before your scope of your fixture **********
2020-10-04 20:21:58,309 [INFO] test_createaccount_case1: test_createaccount started ...
2020-10-04 20:21:58,309 [ERROR] test_createaccount_case1: I am an exceptional case
2020-10-04 20:21:58,310 [WARNING] test_createaccount_case1: Something does not seem to be right, but not an error
2020-10-04 20:21:58,310 [CRITICAL] test_createaccount_case1: WOUUUW STOP NOW, CAN NOT RUN ANYTHING
2020-10-04 20:22:00,904 [INFO] click_element_by_xpath: clicking the element
2020-10-04 20:22:03,881 [INFO] enter_text_by_xpath: entering thje following text: uy776@email.com
2020-10-04 20:22:04,003 [INFO] enter_email: email entered uy776@email.com
2020-10-04 20:22:04,037 [INFO] click_element_by_xpath: clicking the element
2020-10-04 20:22:06,125 [INFO] click_element_by_xpath: clicking the element
2020-10-04 20:22:08,206 [INFO] enter_text_by_xpath: entering thje following text: Alex
2020-10-04 20:22:10,290 [INFO] enter_name: First name entered Alex
2020-10-04 20:22:10,330 [INFO] enter_text_by_xpath: entering thje following text: Smith
2020-10-04 20:22:12,391 [INFO] enter_lastname: Last name entered Smith
2020-10-04 20:22:12,432 [INFO] enter_text_by_xpath: entering thje following text: $Password001
2020-10-04 20:22:12,498 [INFO] create_password: Password entered $Password001
2020-10-04 20:22:12,573 [INFO] driver: ******** This is the TEARDOWN steps after each of your scope *************
2020-10-04 20:22:12,578 [INFO] driver: Current url: http://automationpractice.com/index.php?controller=authentication&back=my-account#account-creation
2020-10-04 20:22:12,590 [INFO] driver: Current title: Login - My Store
2020-10-04 20:22:12,592 [INFO] driver: Current win_handle: CDwindow-3000EF52DB8ABF284DD18CC291707B29
2020-10-04 20:22:12,592 [INFO] driver: Current name: chrome
2020-10-04 20:22:12,723 [INFO] driver: browser is closed
2020-10-04 20:22:12,724 [INFO] driver: ******** TEARDOWN completed *************
2020-10-04 20:27:08,581 [INFO] driver: ********** This is the SETUP fixture to run before your scope of your fixture **********
2020-10-04 20:27:11,069 [INFO] test_createaccount_case1: test_createaccount started ...
2020-10-04 20:27:11,070 [ERROR] test_createaccount_case1: I am an exceptional case
2020-10-04 20:27:11,070 [WARNING] test_createaccount_case1: Something does not seem to be right, but not an error
2020-10-04 20:27:11,070 [CRITICAL] test_createaccount_case1: WOUUUW STOP NOW, CAN NOT RUN ANYTHING
2020-10-04 20:27:13,828 [INFO] click_element_by_xpath: clicking the element
2020-10-04 20:27:16,803 [INFO] enter_text_by_xpath: entering thje following text: uy776@email.com
2020-10-04 20:27:16,942 [INFO] enter_email: email entered uy776@email.com
2020-10-04 20:27:16,968 [INFO] click_element_by_xpath: clicking the element
2020-10-04 20:27:19,058 [INFO] click_element_by_xpath: clicking the element
2020-10-04 20:27:21,142 [INFO] enter_text_by_xpath: entering thje following text: Alex
2020-10-04 20:27:23,223 [INFO] enter_name: First name entered Alex
2020-10-04 20:27:23,263 [INFO] enter_text_by_xpath: entering thje following text: Smith
2020-10-04 20:27:25,350 [INFO] enter_lastname: Last name entered Smith
2020-10-04 20:27:25,391 [INFO] enter_text_by_xpath: entering thje following text: $Password001
2020-10-04 20:27:27,462 [INFO] create_password: Password entered $Password001
2020-10-04 20:27:37,563 [INFO] driver: ******** This is the TEARDOWN steps after each of your scope *************
2020-10-04 20:27:37,570 [INFO] driver: Current url: http://automationpractice.com/index.php?controller=authentication&back=my-account#account-creation
2020-10-04 20:27:37,575 [INFO] driver: Current title: Login - My Store
2020-10-04 20:27:37,576 [INFO] driver: Current win_handle: CDwindow-9BC90ACD48C947F47B01CFBEBBA432CF
2020-10-04 20:27:37,576 [INFO] driver: Current name: chrome
2020-10-04 20:27:37,696 [INFO] driver: browser is closed
2020-10-04 20:27:37,697 [INFO] driver: ******** TEARDOWN completed *************
2020-10-04 20:43:47,712 [INFO] driver: ********** This is the SETUP fixture to run before your scope of your fixture **********
2020-10-04 20:43:50,827 [INFO] test_createaccount_case1: test_createaccount started ...
2020-10-04 20:43:50,827 [ERROR] test_createaccount_case1: I am an exceptional case
2020-10-04 20:43:50,827 [WARNING] test_createaccount_case1: Something does not seem to be right, but not an error
2020-10-04 20:43:50,827 [CRITICAL] test_createaccount_case1: WOUUUW STOP NOW, CAN NOT RUN ANYTHING
2020-10-04 20:43:53,732 [INFO] click_element_by_xpath: clicking the element
2020-10-04 20:43:57,235 [INFO] enter_text_by_xpath: entering thje following text: uy776@email.com
2020-10-04 20:43:57,319 [INFO] enter_email: email entered uy776@email.com
2020-10-04 20:43:57,357 [INFO] click_element_by_xpath: clicking the element
2020-10-04 20:44:20,002 [INFO] driver: ******** This is the TEARDOWN steps after each of your scope *************
2020-10-04 20:44:20,008 [INFO] driver: Current url: http://automationpractice.com/index.php?controller=authentication&back=my-account
2020-10-04 20:44:20,014 [INFO] driver: Current title: Login - My Store
2020-10-04 20:44:20,016 [INFO] driver: Current win_handle: CDwindow-5DEAC953AF28085C31E594AA49CE1A28
2020-10-04 20:44:20,016 [INFO] driver: Current name: chrome
2020-10-04 20:44:20,143 [INFO] driver: browser is closed
2020-10-04 20:44:20,143 [INFO] driver: ******** TEARDOWN completed *************
2020-10-04 20:45:01,181 [INFO] driver: ********** This is the SETUP fixture to run before your scope of your fixture **********
2020-10-04 20:45:03,662 [INFO] test_createaccount_case1: test_createaccount started ...
2020-10-04 20:45:03,663 [ERROR] test_createaccount_case1: I am an exceptional case
2020-10-04 20:45:03,663 [WARNING] test_createaccount_case1: Something does not seem to be right, but not an error
2020-10-04 20:45:03,663 [CRITICAL] test_createaccount_case1: WOUUUW STOP NOW, CAN NOT RUN ANYTHING
2020-10-04 20:45:06,603 [INFO] click_element_by_xpath: clicking the element
2020-10-04 20:45:09,682 [INFO] enter_text_by_xpath: entering thje following text: uy776@email.com
2020-10-04 20:45:09,812 [INFO] enter_email: email entered uy776@email.com
2020-10-04 20:45:09,843 [INFO] click_element_by_xpath: clicking the element
2020-10-04 20:45:11,937 [INFO] click_element_by_xpath: clicking the element
2020-10-04 20:45:14,020 [INFO] enter_text_by_xpath: entering thje following text: Alex
2020-10-04 20:45:16,094 [INFO] enter_name: First name entered Alex
2020-10-04 20:45:16,132 [INFO] enter_text_by_xpath: entering thje following text: Smith
2020-10-04 20:45:18,188 [INFO] enter_lastname: Last name entered Smith
2020-10-04 20:45:18,217 [INFO] enter_text_by_xpath: entering thje following text: $Password001
2020-10-04 20:45:20,341 [INFO] create_password: Password entered $Password001
2020-10-04 20:45:20,413 [INFO] driver: ******** This is the TEARDOWN steps after each of your scope *************
2020-10-04 20:45:20,418 [INFO] driver: Current url: http://automationpractice.com/index.php?controller=authentication&back=my-account#account-creation
2020-10-04 20:45:20,423 [INFO] driver: Current title: Login - My Store
2020-10-04 20:45:20,424 [INFO] driver: Current win_handle: CDwindow-07799629B107E1AA20C350380F6937CD
2020-10-04 20:45:20,425 [INFO] driver: Current name: chrome
2020-10-04 20:45:20,558 [INFO] driver: browser is closed
2020-10-04 20:45:20,558 [INFO] driver: ******** TEARDOWN completed *************
2020-10-04 20:47:21,350 [INFO] driver: ********** This is the SETUP fixture to run before your scope of your fixture **********
2020-10-04 20:47:24,136 [INFO] test_createaccount_case1: test_createaccount started ...
2020-10-04 20:47:24,137 [ERROR] test_createaccount_case1: I am an exceptional case
2020-10-04 20:47:24,137 [WARNING] test_createaccount_case1: Something does not seem to be right, but not an error
2020-10-04 20:47:24,137 [CRITICAL] test_createaccount_case1: WOUUUW STOP NOW, CAN NOT RUN ANYTHING
2020-10-04 20:47:26,918 [INFO] click_element_by_xpath: clicking the element
2020-10-04 20:47:30,756 [INFO] enter_text_by_xpath: entering thje following text: uy776@email.com
2020-10-04 20:47:30,861 [INFO] enter_email: email entered uy776@email.com
2020-10-04 20:47:30,887 [INFO] click_element_by_xpath: clicking the element
2020-10-04 20:47:47,610 [INFO] driver: ********** This is the SETUP fixture to run before your scope of your fixture **********
2020-10-04 20:47:50,294 [INFO] test_createaccount_case1: test_createaccount started ...
2020-10-04 20:47:50,295 [ERROR] test_createaccount_case1: I am an exceptional case
2020-10-04 20:47:50,295 [WARNING] test_createaccount_case1: Something does not seem to be right, but not an error
2020-10-04 20:47:50,295 [CRITICAL] test_createaccount_case1: WOUUUW STOP NOW, CAN NOT RUN ANYTHING
2020-10-04 20:47:52,981 [INFO] click_element_by_xpath: clicking the element
2020-10-04 20:47:53,552 [INFO] driver: ******** This is the TEARDOWN steps after each of your scope *************
2020-10-04 20:47:53,558 [INFO] driver: Current url: http://automationpractice.com/index.php?controller=authentication&back=my-account
2020-10-04 20:47:53,563 [INFO] driver: Current title: Login - My Store
2020-10-04 20:47:53,564 [INFO] driver: Current win_handle: CDwindow-739B8FAA97DC79B78CEA35D67EA7ACCF
2020-10-04 20:47:53,564 [INFO] driver: Current name: chrome
2020-10-04 20:47:53,695 [INFO] driver: browser is closed
2020-10-04 20:47:53,695 [INFO] driver: ******** TEARDOWN completed *************
2020-10-04 20:47:56,060 [INFO] enter_text_by_xpath: entering thje following text: uy776@email.com
2020-10-04 20:47:56,194 [INFO] enter_email: email entered uy776@email.com
2020-10-04 20:47:56,221 [INFO] click_element_by_xpath: clicking the element
2020-10-04 20:47:58,313 [INFO] click_element_by_xpath: clicking the element
2020-10-04 20:48:00,394 [INFO] enter_text_by_xpath: entering thje following text: Alex
2020-10-04 20:48:02,460 [INFO] enter_name: First name entered Alex
2020-10-04 20:48:02,501 [INFO] enter_text_by_xpath: entering thje following text: Smith
2020-10-04 20:48:04,563 [INFO] enter_lastname: Last name entered Smith
2020-10-04 20:48:04,603 [INFO] enter_text_by_xpath: entering thje following text: $Password001
2020-10-04 20:48:06,682 [INFO] create_password: Password entered $Password001
2020-10-04 20:48:16,785 [INFO] driver: ******** This is the TEARDOWN steps after each of your scope *************
2020-10-04 20:48:16,790 [INFO] driver: Current url: http://automationpractice.com/index.php?controller=authentication&back=my-account#account-creation
2020-10-04 20:48:16,794 [INFO] driver: Current title: Login - My Store
2020-10-04 20:48:16,796 [INFO] driver: Current win_handle: CDwindow-565A04FE6E30CEC8C3B912E6805D746D
2020-10-04 20:48:16,796 [INFO] driver: Current name: chrome
2020-10-04 20:48:16,936 [INFO] driver: browser is closed
2020-10-04 20:48:16,936 [INFO] driver: ******** TEARDOWN completed *************
2020-10-04 20:52:26,605 [INFO] driver: ********** This is the SETUP fixture to run before your scope of your fixture **********
2020-10-04 20:52:29,405 [INFO] test_createaccount_case1: test_createaccount started ...
2020-10-04 20:52:29,405 [ERROR] test_createaccount_case1: I am an exceptional case
2020-10-04 20:52:29,405 [WARNING] test_createaccount_case1: Something does not seem to be right, but not an error
2020-10-04 20:52:29,406 [CRITICAL] test_createaccount_case1: WOUUUW STOP NOW, CAN NOT RUN ANYTHING
2020-10-04 20:52:32,411 [INFO] click_element_by_xpath: clicking the element
2020-10-04 20:52:36,132 [INFO] enter_text_by_xpath: entering thje following text: uy776@email.com
2020-10-04 20:52:36,313 [INFO] enter_email: email entered uy776@email.com
2020-10-04 20:52:36,364 [INFO] click_element_by_xpath: clicking the element
2020-10-04 20:52:38,509 [INFO] click_element_by_xpath: clicking the element
2020-10-04 20:52:40,599 [INFO] enter_text_by_xpath: entering thje following text: Alex
2020-10-04 20:52:42,711 [INFO] enter_name: First name entered Alex
2020-10-04 20:52:42,757 [INFO] enter_text_by_xpath: entering thje following text: Smith
2020-10-04 20:52:44,813 [INFO] enter_lastname: Last name entered Smith
2020-10-04 20:52:44,856 [INFO] enter_text_by_xpath: entering thje following text: $Password001
2020-10-04 20:52:46,922 [INFO] create_password: Password entered $Password001
2020-10-04 20:52:47,002 [INFO] driver: ******** This is the TEARDOWN steps after each of your scope *************
2020-10-04 20:52:47,007 [INFO] driver: Current url: http://automationpractice.com/index.php?controller=authentication&back=my-account#account-creation
2020-10-04 20:52:47,014 [INFO] driver: Current title: Login - My Store
2020-10-04 20:52:47,015 [INFO] driver: Current win_handle: CDwindow-C3A2AE2395DC68CC14201FCCED5A345B
2020-10-04 20:52:47,015 [INFO] driver: Current name: chrome
2020-10-04 20:52:47,155 [INFO] driver: browser is closed
2020-10-04 20:52:47,156 [INFO] driver: ******** TEARDOWN completed *************
2020-10-04 20:53:56,116 [INFO] driver: ********** This is the SETUP fixture to run before your scope of your fixture **********
2020-10-04 20:53:58,922 [INFO] test_createaccount_case1: test_createaccount started ...
2020-10-04 20:53:58,922 [ERROR] test_createaccount_case1: I am an exceptional case
2020-10-04 20:53:58,923 [WARNING] test_createaccount_case1: Something does not seem to be right, but not an error
2020-10-04 20:53:58,923 [CRITICAL] test_createaccount_case1: WOUUUW STOP NOW, CAN NOT RUN ANYTHING
2020-10-04 20:54:01,559 [INFO] click_element_by_xpath: clicking the element
2020-10-04 20:54:06,031 [INFO] enter_text_by_xpath: entering thje following text: uy776@email.com
2020-10-04 20:54:06,170 [INFO] enter_email: email entered uy776@email.com
2020-10-04 20:54:06,196 [INFO] click_element_by_xpath: clicking the element
2020-10-04 20:54:08,346 [INFO] click_element_by_xpath: clicking the element
2020-10-04 20:54:10,429 [INFO] enter_text_by_xpath: entering thje following text: Alex
2020-10-04 20:54:12,501 [INFO] enter_name: First name entered Alex
2020-10-04 20:54:12,539 [INFO] enter_text_by_xpath: entering thje following text: Smith
2020-10-04 20:54:14,591 [INFO] enter_lastname: Last name entered Smith
2020-10-04 20:54:14,631 [INFO] enter_text_by_xpath: entering thje following text: $Password001
2020-10-04 20:54:16,709 [INFO] create_password: Password entered $Password001
2020-10-04 20:54:37,328 [INFO] driver: ******** This is the TEARDOWN steps after each of your scope *************
2020-10-04 20:54:37,333 [INFO] driver: Current url: http://automationpractice.com/index.php?controller=authentication&back=my-account#account-creation
2020-10-04 20:54:37,339 [INFO] driver: Current title: Login - My Store
2020-10-04 20:54:37,340 [INFO] driver: Current win_handle: CDwindow-C16BFAEA67AEBE75DDE444413D7F50BB
2020-10-04 20:54:37,341 [INFO] driver: Current name: chrome
2020-10-04 20:54:37,451 [INFO] driver: browser is closed
2020-10-04 20:54:37,451 [INFO] driver: ******** TEARDOWN completed *************
2020-10-04 21:24:02,216 [INFO] driver: ********** This is the SETUP fixture to run before your scope of your fixture **********
2020-10-04 21:24:04,858 [INFO] test_createaccount_case1: test_createaccount started ...
2020-10-04 21:24:04,859 [ERROR] test_createaccount_case1: I am an exceptional case
2020-10-04 21:24:04,859 [WARNING] test_createaccount_case1: Something does not seem to be right, but not an error
2020-10-04 21:24:04,859 [CRITICAL] test_createaccount_case1: WOUUUW STOP NOW, CAN NOT RUN ANYTHING
2020-10-04 21:24:07,672 [INFO] click_element_by_xpath: clicking the element
2020-10-04 21:24:10,667 [INFO] enter_text_by_xpath: entering thje following text: uy776@email.com
2020-10-04 21:24:10,803 [INFO] enter_email: email entered uy776@email.com
2020-10-04 21:24:10,831 [INFO] click_element_by_xpath: clicking the element
2020-10-04 21:24:12,923 [INFO] click_element_by_xpath: clicking the element
2020-10-04 21:24:15,002 [INFO] enter_text_by_xpath: entering thje following text: Alex
2020-10-04 21:24:17,068 [INFO] enter_name: First name entered Alex
2020-10-04 21:24:17,108 [INFO] enter_text_by_xpath: entering thje following text: Smith
2020-10-04 21:24:19,164 [INFO] enter_lastname: Last name entered Smith
2020-10-04 21:24:19,204 [INFO] enter_text_by_xpath: entering thje following text: $Password001
2020-10-04 21:24:21,284 [INFO] create_password: Password entered $Password001
2020-10-04 21:24:21,318 [INFO] test_drop_down_list: clicking the dd_list
2020-10-04 21:24:21,511 [INFO] driver: ******** This is the TEARDOWN steps after each of your scope *************
2020-10-04 21:24:21,517 [INFO] driver: Current url: http://automationpractice.com/index.php?controller=authentication&back=my-account#account-creation
2020-10-04 21:24:21,525 [INFO] driver: Current title: Login - My Store
2020-10-04 21:24:21,526 [INFO] driver: Current win_handle: CDwindow-4F8C6564428B788A2EDC8EAC548A349D
2020-10-04 21:24:21,526 [INFO] driver: Current name: chrome
2020-10-04 21:24:21,657 [INFO] driver: browser is closed
2020-10-04 21:24:21,657 [INFO] driver: ******** TEARDOWN completed *************
2020-10-04 21:25:31,771 [INFO] driver: ********** This is the SETUP fixture to run before your scope of your fixture **********
2020-10-04 21:25:34,473 [INFO] test_createaccount_case1: test_createaccount started ...
2020-10-04 21:25:34,473 [ERROR] test_createaccount_case1: I am an exceptional case
2020-10-04 21:25:34,473 [WARNING] test_createaccount_case1: Something does not seem to be right, but not an error
2020-10-04 21:25:34,473 [CRITICAL] test_createaccount_case1: WOUUUW STOP NOW, CAN NOT RUN ANYTHING
2020-10-04 21:25:37,079 [INFO] click_element_by_xpath: clicking the element
2020-10-04 21:25:40,054 [INFO] enter_text_by_xpath: entering thje following text: uy776@email.com
2020-10-04 21:25:40,184 [INFO] enter_email: email entered uy776@email.com
2020-10-04 21:25:40,211 [INFO] click_element_by_xpath: clicking the element
2020-10-04 21:25:42,302 [INFO] click_element_by_xpath: clicking the element
2020-10-04 21:25:44,381 [INFO] enter_text_by_xpath: entering thje following text: Alex
2020-10-04 21:25:46,465 [INFO] enter_name: First name entered Alex
2020-10-04 21:25:46,503 [INFO] enter_text_by_xpath: entering thje following text: Smith
2020-10-04 21:25:48,562 [INFO] enter_lastname: Last name entered Smith
2020-10-04 21:25:48,602 [INFO] enter_text_by_xpath: entering thje following text: $Password001
2020-10-04 21:25:50,674 [INFO] create_password: Password entered $Password001
2020-10-04 21:26:01,296 [INFO] driver: ******** This is the TEARDOWN steps after each of your scope *************
2020-10-04 21:26:01,303 [INFO] driver: Current url: http://automationpractice.com/index.php?controller=authentication&back=my-account#account-creation
2020-10-04 21:26:01,313 [INFO] driver: Current title: Login - My Store
2020-10-04 21:26:01,315 [INFO] driver: Current win_handle: CDwindow-A4C3B4F1BD4A9FD08FE36B24534C48A9
2020-10-04 21:26:01,315 [INFO] driver: Current name: chrome
2020-10-04 21:26:01,425 [INFO] driver: browser is closed
2020-10-04 21:26:01,425 [INFO] driver: ******** TEARDOWN completed *************
2020-10-04 21:26:36,313 [INFO] driver: ********** This is the SETUP fixture to run before your scope of your fixture **********
2020-10-04 21:26:39,028 [INFO] test_createaccount_case1: test_createaccount started ...
2020-10-04 21:26:39,029 [ERROR] test_createaccount_case1: I am an exceptional case
2020-10-04 21:26:39,029 [WARNING] test_createaccount_case1: Something does not seem to be right, but not an error
2020-10-04 21:26:39,029 [CRITICAL] test_createaccount_case1: WOUUUW STOP NOW, CAN NOT RUN ANYTHING
2020-10-04 21:26:41,534 [INFO] click_element_by_xpath: clicking the element
2020-10-04 21:26:44,694 [INFO] enter_text_by_xpath: entering thje following text: uy776@email.com
2020-10-04 21:26:44,812 [INFO] enter_email: email entered uy776@email.com
2020-10-04 21:26:44,841 [INFO] click_element_by_xpath: clicking the element
2020-10-04 21:26:46,927 [INFO] click_element_by_xpath: clicking the element
2020-10-04 21:26:49,014 [INFO] enter_text_by_xpath: entering thje following text: Alex
2020-10-04 21:26:51,096 [INFO] enter_name: First name entered Alex
2020-10-04 21:26:51,134 [INFO] enter_text_by_xpath: entering thje following text: Smith
2020-10-04 21:26:53,192 [INFO] enter_lastname: Last name entered Smith
2020-10-04 21:26:53,231 [INFO] enter_text_by_xpath: entering thje following text: $Password001
2020-10-04 21:26:55,314 [INFO] create_password: Password entered $Password001
2020-10-04 21:26:55,351 [INFO] test_drop_down_list: clicking the dd_list
2020-10-04 21:26:55,516 [INFO] driver: ******** This is the TEARDOWN steps after each of your scope *************
2020-10-04 21:26:55,525 [INFO] driver: Current url: http://automationpractice.com/index.php?controller=authentication&back=my-account#account-creation
2020-10-04 21:26:55,530 [INFO] driver: Current title: Login - My Store
2020-10-04 21:26:55,532 [INFO] driver: Current win_handle: CDwindow-F0EFB9AAD857B2803D9D5A6BA0DA6382
2020-10-04 21:26:55,532 [INFO] driver: Current name: chrome
2020-10-04 21:26:55,662 [INFO] driver: browser is closed
2020-10-04 21:26:55,662 [INFO] driver: ******** TEARDOWN completed *************
2020-10-04 21:29:13,556 [INFO] driver: ********** This is the SETUP fixture to run before your scope of your fixture **********
2020-10-04 21:29:16,228 [INFO] test_createaccount_case1: test_createaccount started ...
2020-10-04 21:29:16,229 [ERROR] test_createaccount_case1: I am an exceptional case
2020-10-04 21:29:16,229 [WARNING] test_createaccount_case1: Something does not seem to be right, but not an error
2020-10-04 21:29:16,229 [CRITICAL] test_createaccount_case1: WOUUUW STOP NOW, CAN NOT RUN ANYTHING
2020-10-04 21:29:19,142 [INFO] click_element_by_xpath: clicking the element
2020-10-04 21:29:22,592 [INFO] enter_text_by_xpath: entering thje following text: uy776@email.com
2020-10-04 21:29:22,713 [INFO] enter_email: email entered uy776@email.com
2020-10-04 21:29:22,745 [INFO] click_element_by_xpath: clicking the element
2020-10-04 21:29:24,833 [INFO] click_element_by_xpath: clicking the element
2020-10-04 21:29:26,919 [INFO] enter_text_by_xpath: entering thje following text: Alex
2020-10-04 21:29:28,989 [INFO] enter_name: First name entered Alex
2020-10-04 21:29:29,023 [INFO] enter_text_by_xpath: entering thje following text: Smith
2020-10-04 21:29:31,074 [INFO] enter_lastname: Last name entered Smith
2020-10-04 21:29:31,109 [INFO] enter_text_by_xpath: entering thje following text: $Password001
2020-10-04 21:29:33,191 [INFO] create_password: Password entered $Password001
2020-10-04 21:29:43,808 [INFO] driver: ******** This is the TEARDOWN steps after each of your scope *************
2020-10-04 21:29:43,813 [INFO] driver: Current url: http://automationpractice.com/index.php?controller=authentication&back=my-account#account-creation
2020-10-04 21:29:43,821 [INFO] driver: Current title: Login - My Store
2020-10-04 21:29:43,823 [INFO] driver: Current win_handle: CDwindow-A51CCE713E1E078FABA25C7C99A1B295
2020-10-04 21:29:43,823 [INFO] driver: Current name: chrome
2020-10-04 21:29:43,936 [INFO] driver: browser is closed
2020-10-04 21:29:43,936 [INFO] driver: ******** TEARDOWN completed *************
2020-10-04 21:29:53,942 [INFO] driver: ********** This is the SETUP fixture to run before your scope of your fixture **********
2020-10-04 21:29:56,612 [INFO] test_createaccount_case1: test_createaccount started ...
2020-10-04 21:29:56,612 [ERROR] test_createaccount_case1: I am an exceptional case
2020-10-04 21:29:56,613 [WARNING] test_createaccount_case1: Something does not seem to be right, but not an error
2020-10-04 21:29:56,613 [CRITICAL] test_createaccount_case1: WOUUUW STOP NOW, CAN NOT RUN ANYTHING
2020-10-04 21:29:59,187 [INFO] click_element_by_xpath: clicking the element
2020-10-04 21:30:02,446 [INFO] enter_text_by_xpath: entering thje following text: uy776@email.com
2020-10-04 21:30:02,577 [INFO] enter_email: email entered uy776@email.com
2020-10-04 21:30:02,605 [INFO] click_element_by_xpath: clicking the element
2020-10-04 21:30:04,884 [INFO] click_element_by_xpath: clicking the element
2020-10-04 21:30:06,971 [INFO] enter_text_by_xpath: entering thje following text: Alex
2020-10-04 21:30:09,044 [INFO] enter_name: First name entered Alex
2020-10-04 21:30:09,084 [INFO] enter_text_by_xpath: entering thje following text: Smith
2020-10-04 21:30:11,139 [INFO] enter_lastname: Last name entered Smith
2020-10-04 21:30:11,176 [INFO] enter_text_by_xpath: entering thje following text: $Password001
2020-10-04 21:30:13,252 [INFO] create_password: Password entered $Password001
2020-10-04 21:30:23,850 [INFO] driver: ******** This is the TEARDOWN steps after each of your scope *************
2020-10-04 21:30:23,860 [INFO] driver: Current url: http://automationpractice.com/index.php?controller=authentication&back=my-account#account-creation
2020-10-04 21:30:23,866 [INFO] driver: Current title: Login - My Store
2020-10-04 21:30:23,867 [INFO] driver: Current win_handle: CDwindow-BEC57AD831CE3618B95539B4EE2E6004
2020-10-04 21:30:23,867 [INFO] driver: Current name: chrome
2020-10-04 21:30:23,984 [INFO] driver: browser is closed
2020-10-04 21:30:23,984 [INFO] driver: ******** TEARDOWN completed *************
2020-10-04 21:34:40,637 [INFO] driver: ********** This is the SETUP fixture to run before your scope of your fixture **********
2020-10-04 21:34:43,174 [INFO] test_createaccount_case1: test_createaccount started ...
2020-10-04 21:34:43,175 [ERROR] test_createaccount_case1: I am an exceptional case
2020-10-04 21:34:43,175 [WARNING] test_createaccount_case1: Something does not seem to be right, but not an error
2020-10-04 21:34:43,178 [CRITICAL] test_createaccount_case1: WOUUUW STOP NOW, CAN NOT RUN ANYTHING
2020-10-04 21:34:46,721 [INFO] click_element_by_xpath: clicking the element
2020-10-04 21:34:50,473 [INFO] enter_text_by_xpath: entering thje following text: uy776@email.com
2020-10-04 21:34:50,588 [INFO] enter_email: email entered uy776@email.com
2020-10-04 21:34:50,618 [INFO] click_element_by_xpath: clicking the element
2020-10-04 21:34:52,707 [INFO] click_element_by_xpath: clicking the element
2020-10-04 21:34:54,793 [INFO] enter_text_by_xpath: entering thje following text: Alex
2020-10-04 21:34:56,858 [INFO] enter_name: First name entered Alex
2020-10-04 21:34:56,901 [INFO] enter_text_by_xpath: entering thje following text: Smith
2020-10-04 21:34:58,959 [INFO] enter_lastname: Last name entered Smith
2020-10-04 21:34:58,996 [INFO] enter_text_by_xpath: entering thje following text: $Password001
2020-10-04 21:35:01,075 [INFO] create_password: Password entered $Password001
2020-10-04 21:35:11,680 [INFO] driver: ******** This is the TEARDOWN steps after each of your scope *************
2020-10-04 21:35:11,685 [INFO] driver: Current url: http://automationpractice.com/index.php?controller=authentication&back=my-account#account-creation
2020-10-04 21:35:11,691 [INFO] driver: Current title: Login - My Store
2020-10-04 21:35:11,692 [INFO] driver: Current win_handle: CDwindow-23EDCC177CE8147D379FE53C8D16E7E9
2020-10-04 21:35:11,692 [INFO] driver: Current name: chrome
2020-10-04 21:35:11,815 [INFO] driver: browser is closed
2020-10-04 21:35:11,816 [INFO] driver: ******** TEARDOWN completed *************
2020-10-04 21:36:52,870 [INFO] driver: ********** This is the SETUP fixture to run before your scope of your fixture **********
2020-10-04 21:36:55,557 [INFO] test_createaccount_case1: test_createaccount started ...
2020-10-04 21:36:55,558 [ERROR] test_createaccount_case1: I am an exceptional case
2020-10-04 21:36:55,558 [WARNING] test_createaccount_case1: Something does not seem to be right, but not an error
2020-10-04 21:36:55,558 [CRITICAL] test_createaccount_case1: WOUUUW STOP NOW, CAN NOT RUN ANYTHING
2020-10-04 21:36:58,151 [INFO] click_element_by_xpath: clicking the element
2020-10-04 21:37:01,091 [INFO] enter_text_by_xpath: entering thje following text: uy776@email.com
2020-10-04 21:37:01,224 [INFO] enter_email: email entered uy776@email.com
2020-10-04 21:37:01,255 [INFO] click_element_by_xpath: clicking the element
2020-10-04 21:37:03,528 [INFO] click_element_by_xpath: clicking the element
2020-10-04 21:37:05,609 [INFO] enter_text_by_xpath: entering thje following text: Alex
2020-10-04 21:37:07,678 [INFO] enter_name: First name entered Alex
2020-10-04 21:37:07,716 [INFO] enter_text_by_xpath: entering thje following text: Smith
2020-10-04 21:37:09,771 [INFO] enter_lastname: Last name entered Smith
2020-10-04 21:37:09,812 [INFO] enter_text_by_xpath: entering thje following text: $Password001
2020-10-04 21:37:11,886 [INFO] create_password: Password entered $Password001
2020-10-04 21:37:32,519 [INFO] driver: ******** This is the TEARDOWN steps after each of your scope *************
2020-10-04 21:37:32,526 [INFO] driver: Current url: http://automationpractice.com/index.php?controller=authentication&back=my-account#account-creation
2020-10-04 21:37:32,533 [INFO] driver: Current title: Login - My Store
2020-10-04 21:37:32,534 [INFO] driver: Current win_handle: CDwindow-D605DB48095D56E390AF9238AD09BEEC
2020-10-04 21:37:32,534 [INFO] driver: Current name: chrome
2020-10-04 21:37:32,640 [INFO] driver: browser is closed
2020-10-04 21:37:32,641 [INFO] driver: ******** TEARDOWN completed *************
2020-10-04 21:42:25,939 [INFO] driver: ********** This is the SETUP fixture to run before your scope of your fixture **********
2020-10-04 21:42:28,562 [INFO] test_createaccount_case1: test_createaccount started ...
2020-10-04 21:42:28,562 [ERROR] test_createaccount_case1: I am an exceptional case
2020-10-04 21:42:28,563 [WARNING] test_createaccount_case1: Something does not seem to be right, but not an error
2020-10-04 21:42:28,563 [CRITICAL] test_createaccount_case1: WOUUUW STOP NOW, CAN NOT RUN ANYTHING
2020-10-04 21:42:31,421 [INFO] click_element_by_xpath: clicking the element
2020-10-04 21:42:34,352 [INFO] enter_text_by_xpath: entering thje following text: uy776@email.com
2020-10-04 21:42:34,489 [INFO] enter_email: email entered uy776@email.com
2020-10-04 21:42:34,520 [INFO] click_element_by_xpath: clicking the element
2020-10-04 21:42:36,609 [INFO] click_element_by_xpath: clicking the element
2020-10-04 21:42:38,685 [INFO] enter_text_by_xpath: entering thje following text: Alex
2020-10-04 21:42:40,765 [INFO] enter_name: First name entered Alex
2020-10-04 21:42:40,802 [INFO] enter_text_by_xpath: entering thje following text: Smith
2020-10-04 21:42:42,857 [INFO] enter_lastname: Last name entered Smith
2020-10-04 21:42:42,897 [INFO] enter_text_by_xpath: entering thje following text: $Password001
2020-10-04 21:42:44,978 [INFO] create_password: Password entered $Password001
2020-10-04 21:42:55,091 [INFO] driver: ******** This is the TEARDOWN steps after each of your scope *************
2020-10-04 21:42:55,098 [INFO] driver: Current url: http://automationpractice.com/index.php?controller=authentication&back=my-account#account-creation
2020-10-04 21:42:55,105 [INFO] driver: Current title: Login - My Store
2020-10-04 21:42:55,107 [INFO] driver: Current win_handle: CDwindow-660812B53E0A1211F4999506A61AD0A3
2020-10-04 21:42:55,107 [INFO] driver: Current name: chrome
2020-10-04 21:42:55,220 [INFO] driver: browser is closed
2020-10-04 21:42:55,220 [INFO] driver: ******** TEARDOWN completed *************
2020-10-04 21:43:22,683 [INFO] driver: ********** This is the SETUP fixture to run before your scope of your fixture **********
2020-10-04 21:43:25,498 [INFO] test_createaccount_case1: test_createaccount started ...
2020-10-04 21:43:25,498 [ERROR] test_createaccount_case1: I am an exceptional case
2020-10-04 21:43:25,499 [WARNING] test_createaccount_case1: Something does not seem to be right, but not an error
2020-10-04 21:43:25,499 [CRITICAL] test_createaccount_case1: WOUUUW STOP NOW, CAN NOT RUN ANYTHING
2020-10-04 21:43:28,208 [INFO] click_element_by_xpath: clicking the element
2020-10-04 21:43:31,177 [INFO] enter_text_by_xpath: entering thje following text: uy776@email.com
2020-10-04 21:43:31,298 [INFO] enter_email: email entered uy776@email.com
2020-10-04 21:43:31,336 [INFO] click_element_by_xpath: clicking the element
2020-10-04 21:43:33,426 [INFO] click_element_by_xpath: clicking the element
2020-10-04 21:43:35,516 [INFO] enter_text_by_xpath: entering thje following text: Alex
2020-10-04 21:43:37,604 [INFO] enter_name: First name entered Alex
2020-10-04 21:43:37,642 [INFO] enter_text_by_xpath: entering thje following text: Smith
2020-10-04 21:43:39,698 [INFO] enter_lastname: Last name entered Smith
2020-10-04 21:43:39,737 [INFO] enter_text_by_xpath: entering thje following text: $Password001
2020-10-04 21:43:41,820 [INFO] create_password: Password entered $Password001
2020-10-04 21:43:52,070 [INFO] driver: ******** This is the TEARDOWN steps after each of your scope *************
2020-10-04 21:43:52,083 [INFO] driver: Current url: http://automationpractice.com/index.php?controller=authentication&back=my-account#account-creation
2020-10-04 21:43:52,103 [INFO] driver: Current title: Login - My Store
2020-10-04 21:43:52,107 [INFO] driver: Current win_handle: CDwindow-07C4FDF91787465D618C2D91500D94DF
2020-10-04 21:43:52,109 [INFO] driver: Current name: chrome
2020-10-04 21:43:52,262 [INFO] driver: browser is closed
2020-10-04 21:43:52,262 [INFO] driver: ******** TEARDOWN completed *************
2020-10-04 21:45:23,681 [INFO] driver: ********** This is the SETUP fixture to run before your scope of your fixture **********
2020-10-04 21:45:26,034 [INFO] test_createaccount_case1: test_createaccount started ...
2020-10-04 21:45:26,035 [ERROR] test_createaccount_case1: I am an exceptional case
2020-10-04 21:45:26,035 [WARNING] test_createaccount_case1: Something does not seem to be right, but not an error
2020-10-04 21:45:26,035 [CRITICAL] test_createaccount_case1: WOUUUW STOP NOW, CAN NOT RUN ANYTHING
2020-10-04 21:45:28,596 [INFO] click_element_by_xpath: clicking the element
2020-10-04 21:45:31,730 [INFO] enter_text_by_xpath: entering thje following text: uy776@email.com
2020-10-04 21:45:31,865 [INFO] enter_email: email entered uy776@email.com
2020-10-04 21:45:31,892 [INFO] click_element_by_xpath: clicking the element
2020-10-04 21:45:33,983 [INFO] click_element_by_xpath: clicking the element
2020-10-04 21:45:36,061 [INFO] enter_text_by_xpath: entering thje following text: Alex
2020-10-04 21:45:38,129 [INFO] enter_name: First name entered Alex
2020-10-04 21:45:38,170 [INFO] enter_text_by_xpath: entering thje following text: Smith
2020-10-04 21:45:40,229 [INFO] enter_lastname: Last name entered Smith
2020-10-04 21:45:40,267 [INFO] enter_text_by_xpath: entering thje following text: $Password001
2020-10-04 21:45:42,348 [INFO] create_password: Password entered $Password001
2020-10-04 21:45:52,443 [INFO] driver: ******** This is the TEARDOWN steps after each of your scope *************
2020-10-04 21:45:52,449 [INFO] driver: Current url: http://automationpractice.com/index.php?controller=authentication&back=my-account#account-creation
2020-10-04 21:45:52,454 [INFO] driver: Current title: Login - My Store
2020-10-04 21:45:52,455 [INFO] driver: Current win_handle: CDwindow-A94FE49E79B708ECB426CB2AE0FE1164
2020-10-04 21:45:52,455 [INFO] driver: Current name: chrome
2020-10-04 21:45:52,578 [INFO] driver: browser is closed
2020-10-04 21:45:52,578 [INFO] driver: ******** TEARDOWN completed *************
2020-10-04 22:25:01,810 [INFO] driver: ********** This is the SETUP fixture to run before your scope of your fixture **********
2020-10-04 22:25:04,683 [INFO] test_createaccount_case1: test_createaccount started ...
2020-10-04 22:25:04,684 [ERROR] test_createaccount_case1: I am an exceptional case
2020-10-04 22:25:04,684 [WARNING] test_createaccount_case1: Something does not seem to be right, but not an error
2020-10-04 22:25:04,684 [CRITICAL] test_createaccount_case1: WOUUUW STOP NOW, CAN NOT RUN ANYTHING
2020-10-04 22:25:07,459 [INFO] click_element_by_xpath: clicking the element
2020-10-04 22:25:11,030 [INFO] enter_text_by_xpath: entering thje following text: uy776@email.com
2020-10-04 22:25:11,198 [INFO] enter_email: email entered uy776@email.com
2020-10-04 22:25:11,232 [INFO] click_element_by_xpath: clicking the element
2020-10-04 22:25:13,407 [INFO] click_element_by_xpath: clicking the element
2020-10-04 22:25:15,493 [INFO] enter_text_by_xpath: entering thje following text: Alex
2020-10-04 22:25:17,560 [INFO] enter_name: First name entered Alex
2020-10-04 22:25:17,603 [INFO] enter_text_by_xpath: entering thje following text: Smith
2020-10-04 22:25:19,671 [INFO] enter_lastname: Last name entered Smith
2020-10-04 22:25:19,711 [INFO] enter_text_by_xpath: entering thje following text: $Password001
2020-10-04 22:25:21,802 [INFO] create_password: Password entered $Password001
2020-10-04 22:25:42,436 [INFO] driver: ******** This is the TEARDOWN steps after each of your scope *************
2020-10-04 22:25:42,444 [INFO] driver: Current url: http://automationpractice.com/index.php?controller=authentication&back=my-account#account-creation
2020-10-04 22:25:42,451 [INFO] driver: Current title: Login - My Store
2020-10-04 22:25:42,452 [INFO] driver: Current win_handle: CDwindow-585211CFA2F4898B10A8637AEC7C0BA9
2020-10-04 22:25:42,452 [INFO] driver: Current name: chrome
2020-10-04 22:25:42,575 [INFO] driver: browser is closed
2020-10-04 22:25:42,575 [INFO] driver: ******** TEARDOWN completed *************
2020-10-04 22:26:38,050 [INFO] driver: ********** This is the SETUP fixture to run before your scope of your fixture **********
2020-10-04 22:26:40,925 [INFO] test_createaccount_case1: test_createaccount started ...
2020-10-04 22:26:40,925 [ERROR] test_createaccount_case1: I am an exceptional case
2020-10-04 22:26:40,925 [WARNING] test_createaccount_case1: Something does not seem to be right, but not an error
2020-10-04 22:26:40,926 [CRITICAL] test_createaccount_case1: WOUUUW STOP NOW, CAN NOT RUN ANYTHING
2020-10-04 22:26:43,606 [INFO] click_element_by_xpath: clicking the element
2020-10-04 22:26:47,696 [INFO] enter_text_by_xpath: entering thje following text: uy776@email.com
2020-10-04 22:26:47,827 [INFO] enter_email: email entered uy776@email.com
2020-10-04 22:26:47,854 [INFO] click_element_by_xpath: clicking the element
2020-10-04 22:26:50,076 [INFO] click_element_by_xpath: clicking the element
2020-10-04 22:26:52,166 [INFO] enter_text_by_xpath: entering thje following text: Alex
2020-10-04 22:26:54,230 [INFO] enter_name: First name entered Alex
2020-10-04 22:26:54,272 [INFO] enter_text_by_xpath: entering thje following text: Smith
2020-10-04 22:26:56,334 [INFO] enter_lastname: Last name entered Smith
2020-10-04 22:26:56,375 [INFO] enter_text_by_xpath: entering thje following text: $Password001
2020-10-04 22:26:58,462 [INFO] create_password: Password entered $Password001
2020-10-04 22:27:08,721 [INFO] driver: ******** This is the TEARDOWN steps after each of your scope *************
2020-10-04 22:27:08,729 [INFO] driver: Current url: http://automationpractice.com/index.php?controller=authentication&back=my-account#account-creation
2020-10-04 22:27:08,739 [INFO] driver: Current title: Login - My Store
2020-10-04 22:27:08,741 [INFO] driver: Current win_handle: CDwindow-3A366825586F88D75882708BE6C595D9
2020-10-04 22:27:08,742 [INFO] driver: Current name: chrome
2020-10-04 22:27:08,846 [INFO] driver: browser is closed
2020-10-04 22:27:08,846 [INFO] driver: ******** TEARDOWN completed *************
2020-10-04 22:30:37,526 [INFO] driver: ********** This is the SETUP fixture to run before your scope of your fixture **********
2020-10-04 22:30:40,025 [INFO] test_createaccount_case1: test_createaccount started ...
2020-10-04 22:30:40,025 [ERROR] test_createaccount_case1: I am an exceptional case
2020-10-04 22:30:40,026 [WARNING] test_createaccount_case1: Something does not seem to be right, but not an error
2020-10-04 22:30:40,026 [CRITICAL] test_createaccount_case1: WOUUUW STOP NOW, CAN NOT RUN ANYTHING
2020-10-04 22:30:42,625 [INFO] click_element_by_xpath: clicking the element
2020-10-04 22:30:45,947 [INFO] enter_text_by_xpath: entering thje following text: uy776@email.com
2020-10-04 22:30:46,074 [INFO] enter_email: email entered uy776@email.com
2020-10-04 22:30:46,101 [INFO] click_element_by_xpath: clicking the element
2020-10-04 22:30:48,194 [INFO] click_element_by_xpath: clicking the element
2020-10-04 22:30:50,277 [INFO] enter_text_by_xpath: entering thje following text: Alex
2020-10-04 22:30:52,344 [INFO] enter_name: First name entered Alex
2020-10-04 22:30:52,384 [INFO] enter_text_by_xpath: entering thje following text: Smith
2020-10-04 22:30:54,439 [INFO] enter_lastname: Last name entered Smith
2020-10-04 22:30:54,478 [INFO] enter_text_by_xpath: entering thje following text: $Password001
2020-10-04 22:30:56,554 [INFO] create_password: Password entered $Password001
2020-10-04 22:31:07,158 [INFO] driver: ******** This is the TEARDOWN steps after each of your scope *************
2020-10-04 22:31:07,164 [INFO] driver: Current url: http://automationpractice.com/index.php?controller=authentication&back=my-account#account-creation
2020-10-04 22:31:07,169 [INFO] driver: Current title: Login - My Store
2020-10-04 22:31:07,171 [INFO] driver: Current win_handle: CDwindow-B5C9FF4D420809C8BD3A2290FA07AB10
2020-10-04 22:31:07,171 [INFO] driver: Current name: chrome
2020-10-04 22:31:07,269 [INFO] driver: browser is closed
2020-10-04 22:31:07,269 [INFO] driver: ******** TEARDOWN completed *************
2020-10-04 23:32:07,517 [INFO] driver: ********** This is the SETUP fixture to run before your scope of your fixture **********
2020-10-04 23:32:10,684 [INFO] test_createaccount_case1: test_createaccount started ...
2020-10-04 23:32:10,685 [ERROR] test_createaccount_case1: I am an exceptional case
2020-10-04 23:32:10,685 [WARNING] test_createaccount_case1: Something does not seem to be right, but not an error
2020-10-04 23:32:10,685 [CRITICAL] test_createaccount_case1: WOUUUW STOP NOW, CAN NOT RUN ANYTHING
2020-10-04 23:32:13,866 [INFO] click_element_by_xpath: clicking the element
2020-10-04 23:32:16,812 [INFO] enter_text_by_xpath: entering thje following text: uy776@email.com
2020-10-04 23:32:16,949 [INFO] enter_email: email entered uy776@email.com
2020-10-04 23:32:16,977 [INFO] click_element_by_xpath: clicking the element
2020-10-04 23:32:19,068 [INFO] click_element_by_xpath: clicking the element
2020-10-04 23:32:21,150 [INFO] enter_text_by_xpath: entering thje following text: Alex
2020-10-04 23:32:23,226 [INFO] enter_name: First name entered Alex
2020-10-04 23:32:23,267 [INFO] enter_text_by_xpath: entering thje following text: Smith
2020-10-04 23:32:25,325 [INFO] enter_lastname: Last name entered Smith
2020-10-04 23:32:25,364 [INFO] enter_text_by_xpath: entering thje following text: $Password001
2020-10-04 23:32:27,446 [INFO] create_password: Password entered $Password001
2020-10-04 23:32:27,523 [INFO] driver: ******** This is the TEARDOWN steps after each of your scope *************
2020-10-04 23:32:27,528 [INFO] driver: Current url: http://automationpractice.com/index.php?controller=authentication&back=my-account#account-creation
2020-10-04 23:32:27,535 [INFO] driver: Current title: Login - My Store
2020-10-04 23:32:27,536 [INFO] driver: Current win_handle: CDwindow-D56ED8D0DD5F6AF4B80014A2E4415179
2020-10-04 23:32:27,536 [INFO] driver: Current name: chrome
2020-10-04 23:32:27,668 [INFO] driver: browser is closed
2020-10-04 23:32:27,669 [INFO] driver: ******** TEARDOWN completed *************
2020-10-04 23:37:31,532 [INFO] driver: ********** This is the SETUP fixture to run before your scope of your fixture **********
2020-10-04 23:37:34,237 [INFO] test_createaccount_case1: test_createaccount started ...
2020-10-04 23:37:34,238 [ERROR] test_createaccount_case1: I am an exceptional case
2020-10-04 23:37:34,238 [WARNING] test_createaccount_case1: Something does not seem to be right, but not an error
2020-10-04 23:37:34,238 [CRITICAL] test_createaccount_case1: WOUUUW STOP NOW, CAN NOT RUN ANYTHING
2020-10-04 23:37:36,810 [INFO] click_element_by_xpath: clicking the element
2020-10-04 23:37:39,792 [INFO] enter_text_by_xpath: entering thje following text: uy776@email.com
2020-10-04 23:37:39,922 [INFO] enter_email: email entered uy776@email.com
2020-10-04 23:37:39,951 [INFO] click_element_by_xpath: clicking the element
2020-10-04 23:37:42,042 [INFO] click_element_by_xpath: clicking the element
2020-10-04 23:37:44,145 [INFO] enter_text_by_xpath: entering thje following text: Alex
2020-10-04 23:37:46,217 [INFO] enter_name: First name entered Alex
2020-10-04 23:37:46,257 [INFO] enter_text_by_xpath: entering thje following text: Smith
2020-10-04 23:37:48,312 [INFO] enter_lastname: Last name entered Smith
2020-10-04 23:37:48,350 [INFO] enter_text_by_xpath: entering thje following text: $Password001
2020-10-04 23:37:50,415 [INFO] create_password: Password entered $Password001
2020-10-04 23:38:11,023 [INFO] driver: ******** This is the TEARDOWN steps after each of your scope *************
2020-10-04 23:38:11,029 [INFO] driver: Current url: http://automationpractice.com/index.php?controller=authentication&back=my-account#account-creation
2020-10-04 23:38:11,036 [INFO] driver: Current title: Login - My Store
2020-10-04 23:38:11,037 [INFO] driver: Current win_handle: CDwindow-5A05681594AE76973C3E37C02EAC67F0
2020-10-04 23:38:11,037 [INFO] driver: Current name: chrome
2020-10-04 23:38:11,145 [INFO] driver: browser is closed
2020-10-04 23:38:11,145 [INFO] driver: ******** TEARDOWN completed *************
2020-10-04 23:39:24,918 [INFO] driver: ********** This is the SETUP fixture to run before your scope of your fixture **********
2020-10-04 23:39:27,451 [INFO] test_createaccount_case1: test_createaccount started ...
2020-10-04 23:39:27,451 [ERROR] test_createaccount_case1: I am an exceptional case
2020-10-04 23:39:27,452 [WARNING] test_createaccount_case1: Something does not seem to be right, but not an error
2020-10-04 23:39:27,452 [CRITICAL] test_createaccount_case1: WOUUUW STOP NOW, CAN NOT RUN ANYTHING
2020-10-04 23:39:29,919 [INFO] click_element_by_xpath: clicking the element
2020-10-04 23:39:32,803 [INFO] enter_text_by_xpath: entering thje following text: uy776@email.com
2020-10-04 23:39:32,925 [INFO] enter_email: email entered uy776@email.com
2020-10-04 23:39:32,951 [INFO] click_element_by_xpath: clicking the element
2020-10-04 23:39:35,043 [INFO] click_element_by_xpath: clicking the element
2020-10-04 23:39:37,121 [INFO] enter_text_by_xpath: entering thje following text: Alex
2020-10-04 23:39:39,184 [INFO] enter_name: First name entered Alex
2020-10-04 23:39:39,221 [INFO] enter_text_by_xpath: entering thje following text: Smith
2020-10-04 23:39:41,277 [INFO] enter_lastname: Last name entered Smith
2020-10-04 23:39:41,319 [INFO] enter_text_by_xpath: entering thje following text: $Password001
2020-10-04 23:39:43,384 [INFO] create_password: Password entered $Password001
2020-10-04 23:39:53,515 [INFO] driver: ******** This is the TEARDOWN steps after each of your scope *************
2020-10-04 23:39:53,522 [INFO] driver: Current url: http://automationpractice.com/index.php?controller=authentication&back=my-account#account-creation
2020-10-04 23:39:53,536 [INFO] driver: Current title: Login - My Store
2020-10-04 23:39:53,538 [INFO] driver: Current win_handle: CDwindow-85D5D722C3602E5D3DD508A7D8AA2145
2020-10-04 23:39:53,538 [INFO] driver: Current name: chrome
2020-10-04 23:39:53,650 [INFO] driver: browser is closed
2020-10-04 23:39:53,651 [INFO] driver: ******** TEARDOWN completed *************
2020-10-04 23:41:16,960 [INFO] driver: ********** This is the SETUP fixture to run before your scope of your fixture **********
2020-10-04 23:41:19,524 [INFO] test_createaccount_case1: test_createaccount started ...
2020-10-04 23:41:19,524 [ERROR] test_createaccount_case1: I am an exceptional case
2020-10-04 23:41:19,525 [WARNING] test_createaccount_case1: Something does not seem to be right, but not an error
2020-10-04 23:41:19,525 [CRITICAL] test_createaccount_case1: WOUUUW STOP NOW, CAN NOT RUN ANYTHING
2020-10-04 23:41:22,245 [INFO] click_element_by_xpath: clicking the element
2020-10-04 23:41:25,283 [INFO] enter_text_by_xpath: entering thje following text: uy776@email.com
2020-10-04 23:41:25,418 [INFO] enter_email: email entered uy776@email.com
2020-10-04 23:41:25,444 [INFO] click_element_by_xpath: clicking the element
2020-10-04 23:41:27,532 [INFO] click_element_by_xpath: clicking the element
2020-10-04 23:41:29,610 [INFO] enter_text_by_xpath: entering thje following text: Alex
2020-10-04 23:41:31,691 [INFO] enter_name: First name entered Alex
2020-10-04 23:41:31,733 [INFO] enter_text_by_xpath: entering thje following text: Smith
2020-10-04 23:41:33,797 [INFO] enter_lastname: Last name entered Smith
2020-10-04 23:41:33,841 [INFO] enter_text_by_xpath: entering thje following text: $Password001
2020-10-04 23:41:35,935 [INFO] create_password: Password entered $Password001
2020-10-04 23:41:46,520 [INFO] driver: ******** This is the TEARDOWN steps after each of your scope *************
2020-10-04 23:41:46,525 [INFO] driver: Current url: http://automationpractice.com/index.php?controller=authentication&back=my-account#account-creation
2020-10-04 23:41:46,532 [INFO] driver: Current title: Login - My Store
2020-10-04 23:41:46,533 [INFO] driver: Current win_handle: CDwindow-C7B318706AC96111B76F304013C5F2A7
2020-10-04 23:41:46,533 [INFO] driver: Current name: chrome
2020-10-04 23:41:46,667 [INFO] driver: browser is closed
2020-10-04 23:41:46,667 [INFO] driver: ******** TEARDOWN completed *************
2020-10-04 23:48:33,618 [INFO] driver: ********** This is the SETUP fixture to run before your scope of your fixture **********
2020-10-04 23:48:36,201 [INFO] test_createaccount_case1: test_createaccount started ...
2020-10-04 23:48:36,202 [ERROR] test_createaccount_case1: I am an exceptional case
2020-10-04 23:48:36,202 [WARNING] test_createaccount_case1: Something does not seem to be right, but not an error
2020-10-04 23:48:36,202 [CRITICAL] test_createaccount_case1: WOUUUW STOP NOW, CAN NOT RUN ANYTHING
2020-10-04 23:48:39,323 [INFO] click_element_by_xpath: clicking the element
2020-10-04 23:48:42,249 [INFO] enter_text_by_xpath: entering thje following text: uy776@email.com
2020-10-04 23:48:42,375 [INFO] enter_email: email entered uy776@email.com
2020-10-04 23:48:42,406 [INFO] click_element_by_xpath: clicking the element
2020-10-04 23:48:44,495 [INFO] click_element_by_xpath: clicking the element
2020-10-04 23:48:46,574 [INFO] enter_text_by_xpath: entering thje following text: Alex
2020-10-04 23:48:48,701 [INFO] enter_name: First name entered Alex
2020-10-04 23:48:48,742 [INFO] enter_text_by_xpath: entering thje following text: Smith
2020-10-04 23:48:50,800 [INFO] enter_lastname: Last name entered Smith
2020-10-04 23:48:50,840 [INFO] enter_text_by_xpath: entering thje following text: $Password001
2020-10-04 23:48:52,911 [INFO] create_password: Password entered $Password001
2020-10-04 23:49:02,992 [INFO] driver: ******** This is the TEARDOWN steps after each of your scope *************
2020-10-04 23:49:02,997 [INFO] driver: Current url: http://automationpractice.com/index.php?controller=authentication&back=my-account#account-creation
2020-10-04 23:49:03,003 [INFO] driver: Current title: Login - My Store
2020-10-04 23:49:03,004 [INFO] driver: Current win_handle: CDwindow-4C7D0398715472359F4A43EA430746AB
2020-10-04 23:49:03,004 [INFO] driver: Current name: chrome
2020-10-04 23:49:03,130 [INFO] driver: browser is closed
2020-10-04 23:49:03,130 [INFO] driver: ******** TEARDOWN completed *************
2020-10-04 23:50:23,559 [INFO] driver: ********** This is the SETUP fixture to run before your scope of your fixture **********
2020-10-04 23:50:26,088 [INFO] test_createaccount_case1: test_createaccount started ...
2020-10-04 23:50:26,089 [ERROR] test_createaccount_case1: I am an exceptional case
2020-10-04 23:50:26,089 [WARNING] test_createaccount_case1: Something does not seem to be right, but not an error
2020-10-04 23:50:26,089 [CRITICAL] test_createaccount_case1: WOUUUW STOP NOW, CAN NOT RUN ANYTHING
2020-10-04 23:50:28,802 [INFO] click_element_by_xpath: clicking the element
2020-10-04 23:50:31,800 [INFO] enter_text_by_xpath: entering thje following text: uy776@email.com
2020-10-04 23:50:31,923 [INFO] enter_email: email entered uy776@email.com
2020-10-04 23:50:31,954 [INFO] click_element_by_xpath: clicking the element
2020-10-04 23:50:34,118 [INFO] click_element_by_xpath: clicking the element
2020-10-04 23:50:36,199 [INFO] enter_text_by_xpath: entering thje following text: Alex
2020-10-04 23:50:38,267 [INFO] enter_name: First name entered Alex
2020-10-04 23:50:38,308 [INFO] enter_text_by_xpath: entering thje following text: Smith
2020-10-04 23:50:40,368 [INFO] enter_lastname: Last name entered Smith
2020-10-04 23:50:40,407 [INFO] enter_text_by_xpath: entering thje following text: $Password001
2020-10-04 23:50:42,475 [INFO] create_password: Password entered $Password001
2020-10-04 23:50:42,512 [INFO] click_element_by_xpath: clicking the element
2020-10-04 23:50:42,664 [INFO] driver: ******** This is the TEARDOWN steps after each of your scope *************
2020-10-04 23:50:42,673 [INFO] driver: Current url: http://automationpractice.com/index.php?controller=authentication&back=my-account#account-creation
2020-10-04 23:50:42,678 [INFO] driver: Current title: Login - My Store
2020-10-04 23:50:42,679 [INFO] driver: Current win_handle: CDwindow-155FFB7485001E470CBC29791BF6EF5F
2020-10-04 23:50:42,679 [INFO] driver: Current name: chrome
2020-10-04 23:50:42,832 [INFO] driver: browser is closed
2020-10-04 23:50:42,832 [INFO] driver: ******** TEARDOWN completed *************
2020-10-04 23:54:36,919 [INFO] driver: ********** This is the SETUP fixture to run before your scope of your fixture **********
2020-10-04 23:54:39,440 [INFO] test_createaccount_case1: test_createaccount started ...
2020-10-04 23:54:39,440 [ERROR] test_createaccount_case1: I am an exceptional case
2020-10-04 23:54:39,440 [WARNING] test_createaccount_case1: Something does not seem to be right, but not an error
2020-10-04 23:54:39,441 [CRITICAL] test_createaccount_case1: WOUUUW STOP NOW, CAN NOT RUN ANYTHING
2020-10-04 23:54:42,138 [INFO] click_element_by_xpath: clicking the element
2020-10-04 23:54:45,464 [INFO] enter_text_by_xpath: entering thje following text: uy776@email.com
2020-10-04 23:54:45,598 [INFO] enter_email: email entered uy776@email.com
2020-10-04 23:54:45,633 [INFO] click_element_by_xpath: clicking the element
2020-10-04 23:54:47,730 [INFO] click_element_by_xpath: clicking the element
2020-10-04 23:54:49,819 [INFO] enter_text_by_xpath: entering thje following text: Alex
2020-10-04 23:54:51,887 [INFO] enter_name: First name entered Alex
2020-10-04 23:54:51,925 [INFO] enter_text_by_xpath: entering thje following text: Smith
2020-10-04 23:54:53,983 [INFO] enter_lastname: Last name entered Smith
2020-10-04 23:54:54,024 [INFO] enter_text_by_xpath: entering thje following text: $Password001
2020-10-04 23:54:56,096 [INFO] create_password: Password entered $Password001
2020-10-04 23:55:06,513 [INFO] driver: ******** This is the TEARDOWN steps after each of your scope *************
2020-10-04 23:55:06,518 [INFO] driver: Current url: http://automationpractice.com/index.php?controller=authentication&back=my-account#account-creation
2020-10-04 23:55:06,523 [INFO] driver: Current title: Login - My Store
2020-10-04 23:55:06,525 [INFO] driver: Current win_handle: CDwindow-121CA09FFB8740A4F0D6A9B3D6016591
2020-10-04 23:55:06,525 [INFO] driver: Current name: chrome
2020-10-04 23:55:06,656 [INFO] driver: browser is closed
2020-10-04 23:55:06,657 [INFO] driver: ******** TEARDOWN completed *************
2020-10-04 23:58:12,399 [INFO] driver: ********** This is the SETUP fixture to run before your scope of your fixture **********
2020-10-04 23:58:14,879 [INFO] test_createaccount_case1: test_createaccount started ...
2020-10-04 23:58:14,880 [ERROR] test_createaccount_case1: I am an exceptional case
2020-10-04 23:58:14,880 [WARNING] test_createaccount_case1: Something does not seem to be right, but not an error
2020-10-04 23:58:14,880 [CRITICAL] test_createaccount_case1: WOUUUW STOP NOW, CAN NOT RUN ANYTHING
2020-10-04 23:58:17,943 [INFO] click_element_by_xpath: clicking the element
2020-10-04 23:58:21,100 [INFO] enter_text_by_xpath: entering thje following text: uy776@email.com
2020-10-04 23:58:21,208 [INFO] enter_email: email entered uy776@email.com
2020-10-04 23:58:21,234 [INFO] click_element_by_xpath: clicking the element
2020-10-04 23:58:24,038 [INFO] click_element_by_xpath: clicking the element
2020-10-04 23:58:26,126 [INFO] enter_text_by_xpath: entering thje following text: Alex
2020-10-04 23:58:28,197 [INFO] enter_name: First name entered Alex
2020-10-04 23:58:28,239 [INFO] enter_text_by_xpath: entering thje following text: Smith
2020-10-04 23:58:30,297 [INFO] enter_lastname: Last name entered Smith
2020-10-04 23:58:30,334 [INFO] enter_text_by_xpath: entering thje following text: $Password001
2020-10-04 23:58:32,407 [INFO] create_password: Password entered $Password001
2020-10-04 23:58:53,041 [INFO] driver: ******** This is the TEARDOWN steps after each of your scope *************
2020-10-04 23:58:53,046 [INFO] driver: Current url: http://automationpractice.com/index.php?controller=authentication&back=my-account#account-creation
2020-10-04 23:58:53,052 [INFO] driver: Current title: Login - My Store
2020-10-04 23:58:53,053 [INFO] driver: Current win_handle: CDwindow-D7ABBFDBB0D07BE0FAFED88A4CF1480F
2020-10-04 23:58:53,053 [INFO] driver: Current name: chrome
2020-10-04 23:58:53,189 [INFO] driver: browser is closed
2020-10-04 23:58:53,190 [INFO] driver: ******** TEARDOWN completed *************
